2012-06-12 11:13:44,975  WARN               ClientTest:55 - Tests are disabled. Please read the documentation to enable them.
2012-06-12 11:22:02,659 ERROR        JMXAsynchConsumer:91 - Failed to retrieve RMIServer stub: javax.naming.ServiceUnavailableException [Root exception is java.rmi.ConnectException: Connection refused to host: 192.168.1.17; nested exception is: 
	java.net.ConnectException: Connection timed out]
java.io.IOException: Failed to retrieve RMIServer stub: javax.naming.ServiceUnavailableException [Root exception is java.rmi.ConnectException: Connection refused to host: 192.168.1.17; nested exception is: 
	java.net.ConnectException: Connection timed out]
	at javax.management.remote.rmi.RMIConnector.connect(RMIConnector.java:338)
	at javax.management.remote.JMXConnectorFactory.connect(JMXConnectorFactory.java:248)
	at it.geosolutions.geobatch.services.jmx.GeoBatchJMXClient.getConnector(GeoBatchJMXClient.java:175)
	at it.geosolutions.geobatch.services.jmx.JMXAsynchConsumer.<init>(JMXAsynchConsumer.java:74)
	at it.geosolutions.geobatch.services.jmx.MainGeoBatchJMXClient.runTasks(MainGeoBatchJMXClient.java:293)
	at it.geosolutions.geobatch.services.jmx.MainGeoBatchJMXClient.main(MainGeoBatchJMXClient.java:99)
Caused by: javax.naming.ServiceUnavailableException [Root exception is java.rmi.ConnectException: Connection refused to host: 192.168.1.17; nested exception is: 
	java.net.ConnectException: Connection timed out]
	at com.sun.jndi.rmi.registry.RegistryContext.lookup(RegistryContext.java:101)
	at com.sun.jndi.toolkit.url.GenericURLContext.lookup(GenericURLContext.java:185)
	at javax.naming.InitialContext.lookup(InitialContext.java:392)
	at javax.management.remote.rmi.RMIConnector.findRMIServerJNDI(RMIConnector.java:1886)
	at javax.management.remote.rmi.RMIConnector.findRMIServer(RMIConnector.java:1856)
	at javax.management.remote.rmi.RMIConnector.connect(RMIConnector.java:257)
	... 5 more
Caused by: java.rmi.ConnectException: Connection refused to host: 192.168.1.17; nested exception is: 
	java.net.ConnectException: Connection timed out
	at sun.rmi.transport.tcp.TCPEndpoint.newSocket(TCPEndpoint.java:601)
	at sun.rmi.transport.tcp.TCPChannel.createConnection(TCPChannel.java:198)
	at sun.rmi.transport.tcp.TCPChannel.newConnection(TCPChannel.java:184)
	at sun.rmi.server.UnicastRef.newCall(UnicastRef.java:322)
	at sun.rmi.registry.RegistryImpl_Stub.lookup(Unknown Source)
	at com.sun.jndi.rmi.registry.RegistryContext.lookup(RegistryContext.java:97)
	... 10 more
Caused by: java.net.ConnectException: Connection timed out
	at java.net.PlainSocketImpl.socketConnect(Native Method)
	at java.net.PlainSocketImpl.doConnect(PlainSocketImpl.java:333)
	at java.net.PlainSocketImpl.connectToAddress(PlainSocketImpl.java:195)
	at java.net.PlainSocketImpl.connect(PlainSocketImpl.java:182)
	at java.net.SocksSocketImpl.connect(SocksSocketImpl.java:366)
	at java.net.Socket.connect(Socket.java:529)
	at java.net.Socket.connect(Socket.java:478)
	at java.net.Socket.<init>(Socket.java:375)
	at java.net.Socket.<init>(Socket.java:189)
	at sun.rmi.transport.proxy.RMIDirectSocketFactory.createSocket(RMIDirectSocketFactory.java:22)
	at sun.rmi.transport.proxy.RMIMasterSocketFactory.createSocket(RMIMasterSocketFactory.java:128)
	at sun.rmi.transport.tcp.TCPEndpoint.newSocket(TCPEndpoint.java:595)
	... 15 more
2012-06-12 11:31:09,302 ERROR        JMXAsynchConsumer:208 - Proxy is: MBeanProxy(javax.management.remote.rmi.RMIConnector$RemoteMBeanServerConnection@2781b3d4[bean:name=JMXServiceManager]) Consumer UUID is:null
2012-06-12 11:31:09,316 ERROR    MainGeoBatchJMXClient:151 - java.rmi.UnmarshalException: error unmarshalling return; nested exception is: 
	java.io.WriteAbortedException: writing aborted; java.io.NotSerializableException: it.geosolutions.geobatch.flow.event.consumer.file.FileBasedEventConsumer
java.util.concurrent.ExecutionException: java.rmi.UnmarshalException: error unmarshalling return; nested exception is: 
	java.io.WriteAbortedException: writing aborted; java.io.NotSerializableException: it.geosolutions.geobatch.flow.event.consumer.file.FileBasedEventConsumer
	at java.util.concurrent.FutureTask$Sync.innerGet(FutureTask.java:222)
	at java.util.concurrent.FutureTask.get(FutureTask.java:83)
	at it.geosolutions.geobatch.services.jmx.MainGeoBatchJMXClient.main(MainGeoBatchJMXClient.java:104)
Caused by: java.rmi.UnmarshalException: error unmarshalling return; nested exception is: 
	java.io.WriteAbortedException: writing aborted; java.io.NotSerializableException: it.geosolutions.geobatch.flow.event.consumer.file.FileBasedEventConsumer
	at sun.rmi.server.UnicastRef.invoke(UnicastRef.java:173)
	at com.sun.jmx.remote.internal.PRef.invoke(Unknown Source)
	at javax.management.remote.rmi.RMIConnectionImpl_Stub.invoke(Unknown Source)
	at javax.management.remote.rmi.RMIConnector$RemoteMBeanServerConnection.invoke(RMIConnector.java:993)
	at javax.management.MBeanServerInvocationHandler.invoke(MBeanServerInvocationHandler.java:288)
	at $Proxy0.getConsumer(Unknown Source)
	at it.geosolutions.geobatch.services.jmx.JMXAsynchConsumer.call(JMXAsynchConsumer.java:154)
	at it.geosolutions.geobatch.services.jmx.JMXAsynchConsumer.call(JMXAsynchConsumer.java:1)
	at java.util.concurrent.FutureTask$Sync.innerRun(FutureTask.java:303)
	at java.util.concurrent.FutureTask.run(FutureTask.java:138)
	at java.util.concurrent.Executors$RunnableAdapter.call(Executors.java:441)
	at java.util.concurrent.FutureTask$Sync.innerRun(FutureTask.java:303)
	at java.util.concurrent.FutureTask.run(FutureTask.java:138)
	at java.util.concurrent.ThreadPoolExecutor$Worker.runTask(ThreadPoolExecutor.java:886)
	at java.util.concurrent.ThreadPoolExecutor$Worker.run(ThreadPoolExecutor.java:908)
	at java.lang.Thread.run(Thread.java:662)
Caused by: java.io.WriteAbortedException: writing aborted; java.io.NotSerializableException: it.geosolutions.geobatch.flow.event.consumer.file.FileBasedEventConsumer
	at java.io.ObjectInputStream.readObject0(ObjectInputStream.java:1332)
	at java.io.ObjectInputStream.readObject(ObjectInputStream.java:350)
	at sun.rmi.server.UnicastRef.unmarshalValue(UnicastRef.java:306)
	at sun.rmi.server.UnicastRef.invoke(UnicastRef.java:155)
	... 15 more
Caused by: java.io.NotSerializableException: it.geosolutions.geobatch.flow.event.consumer.file.FileBasedEventConsumer
	at java.io.ObjectOutputStream.writeObject0(ObjectOutputStream.java:1164)
	at java.io.ObjectOutputStream.writeObject(ObjectOutputStream.java:330)
	at sun.rmi.server.UnicastRef.marshalValue(UnicastRef.java:274)
	at sun.rmi.server.UnicastServerRef.dispatch(UnicastServerRef.java:315)
	at sun.rmi.transport.Transport$1.run(Transport.java:159)
	at java.security.AccessController.doPrivileged(Native Method)
	at sun.rmi.transport.Transport.serviceCall(Transport.java:155)
	at sun.rmi.transport.tcp.TCPTransport.handleMessages(TCPTransport.java:535)
	at sun.rmi.transport.tcp.TCPTransport$ConnectionHandler.run0(TCPTransport.java:790)
	at sun.rmi.transport.tcp.TCPTransport$ConnectionHandler.run(TCPTransport.java:649)
	... 3 more
2012-06-12 11:55:24,471  WARN               ClientTest:55 - Tests are disabled. Please read the documentation to enable them.
2012-06-12 12:09:12,569 ERROR        JMXAsynchConsumer:211 - Proxy is: MBeanProxy(javax.management.remote.rmi.RMIConnector$RemoteMBeanServerConnection@3445378f[bean:name=JMXServiceManager]) Consumer UUID is:null
2012-06-12 12:09:12,581 ERROR    MainGeoBatchJMXClient:151 - java.rmi.UnmarshalException: error unmarshalling return; nested exception is: 
	java.io.WriteAbortedException: writing aborted; java.io.NotSerializableException: it.geosolutions.geobatch.flow.event.consumer.file.FileBasedEventConsumer
java.util.concurrent.ExecutionException: java.rmi.UnmarshalException: error unmarshalling return; nested exception is: 
	java.io.WriteAbortedException: writing aborted; java.io.NotSerializableException: it.geosolutions.geobatch.flow.event.consumer.file.FileBasedEventConsumer
	at java.util.concurrent.FutureTask$Sync.innerGet(FutureTask.java:222)
	at java.util.concurrent.FutureTask.get(FutureTask.java:83)
	at it.geosolutions.geobatch.services.jmx.MainGeoBatchJMXClient.main(MainGeoBatchJMXClient.java:104)
Caused by: java.rmi.UnmarshalException: error unmarshalling return; nested exception is: 
	java.io.WriteAbortedException: writing aborted; java.io.NotSerializableException: it.geosolutions.geobatch.flow.event.consumer.file.FileBasedEventConsumer
	at sun.rmi.server.UnicastRef.invoke(UnicastRef.java:173)
	at com.sun.jmx.remote.internal.PRef.invoke(Unknown Source)
	at javax.management.remote.rmi.RMIConnectionImpl_Stub.invoke(Unknown Source)
	at javax.management.remote.rmi.RMIConnector$RemoteMBeanServerConnection.invoke(RMIConnector.java:993)
	at javax.management.MBeanServerInvocationHandler.invoke(MBeanServerInvocationHandler.java:288)
	at $Proxy0.getConsumer(Unknown Source)
	at it.geosolutions.geobatch.services.jmx.JMXAsynchConsumer.call(JMXAsynchConsumer.java:154)
	at it.geosolutions.geobatch.services.jmx.JMXAsynchConsumer.call(JMXAsynchConsumer.java:1)
	at java.util.concurrent.FutureTask$Sync.innerRun(FutureTask.java:303)
	at java.util.concurrent.FutureTask.run(FutureTask.java:138)
	at java.util.concurrent.Executors$RunnableAdapter.call(Executors.java:441)
	at java.util.concurrent.FutureTask$Sync.innerRun(FutureTask.java:303)
	at java.util.concurrent.FutureTask.run(FutureTask.java:138)
	at java.util.concurrent.ThreadPoolExecutor$Worker.runTask(ThreadPoolExecutor.java:886)
	at java.util.concurrent.ThreadPoolExecutor$Worker.run(ThreadPoolExecutor.java:908)
	at java.lang.Thread.run(Thread.java:662)
Caused by: java.io.WriteAbortedException: writing aborted; java.io.NotSerializableException: it.geosolutions.geobatch.flow.event.consumer.file.FileBasedEventConsumer
	at java.io.ObjectInputStream.readObject0(ObjectInputStream.java:1332)
	at java.io.ObjectInputStream.readObject(ObjectInputStream.java:350)
	at sun.rmi.server.UnicastRef.unmarshalValue(UnicastRef.java:306)
	at sun.rmi.server.UnicastRef.invoke(UnicastRef.java:155)
	... 15 more
Caused by: java.io.NotSerializableException: it.geosolutions.geobatch.flow.event.consumer.file.FileBasedEventConsumer
	at java.io.ObjectOutputStream.writeObject0(ObjectOutputStream.java:1164)
	at java.io.ObjectOutputStream.writeObject(ObjectOutputStream.java:330)
	at sun.rmi.server.UnicastRef.marshalValue(UnicastRef.java:274)
	at sun.rmi.server.UnicastServerRef.dispatch(UnicastServerRef.java:315)
	at sun.rmi.transport.Transport$1.run(Transport.java:159)
	at java.security.AccessController.doPrivileged(Native Method)
	at sun.rmi.transport.Transport.serviceCall(Transport.java:155)
	at sun.rmi.transport.tcp.TCPTransport.handleMessages(TCPTransport.java:535)
	at sun.rmi.transport.tcp.TCPTransport$ConnectionHandler.run0(TCPTransport.java:790)
	at sun.rmi.transport.tcp.TCPTransport$ConnectionHandler.run(TCPTransport.java:649)
	... 3 more
2012-06-12 13:16:10,279 ERROR    MainGeoBatchJMXClient:151 - java.lang.reflect.UndeclaredThrowableException
java.util.concurrent.ExecutionException: java.lang.reflect.UndeclaredThrowableException
	at java.util.concurrent.FutureTask$Sync.innerGet(FutureTask.java:222)
	at java.util.concurrent.FutureTask.get(FutureTask.java:83)
	at it.geosolutions.geobatch.services.jmx.MainGeoBatchJMXClient.main(MainGeoBatchJMXClient.java:104)
Caused by: java.lang.reflect.UndeclaredThrowableException
	at $Proxy0.registerListener(Unknown Source)
	at it.geosolutions.geobatch.services.jmx.JMXAsynchConsumer.call(JMXAsynchConsumer.java:171)
	at it.geosolutions.geobatch.services.jmx.JMXAsynchConsumer.call(JMXAsynchConsumer.java:1)
	at java.util.concurrent.FutureTask$Sync.innerRun(FutureTask.java:303)
	at java.util.concurrent.FutureTask.run(FutureTask.java:138)
	at java.util.concurrent.Executors$RunnableAdapter.call(Executors.java:441)
	at java.util.concurrent.FutureTask$Sync.innerRun(FutureTask.java:303)
	at java.util.concurrent.FutureTask.run(FutureTask.java:138)
	at java.util.concurrent.ThreadPoolExecutor$Worker.runTask(ThreadPoolExecutor.java:886)
	at java.util.concurrent.ThreadPoolExecutor$Worker.run(ThreadPoolExecutor.java:908)
	at java.lang.Thread.run(Thread.java:662)
Caused by: java.io.NotSerializableException: it.geosolutions.geobatch.flow.event.listeners.logger.LoggingProgressListener
	at java.io.ObjectOutputStream.writeObject0(ObjectOutputStream.java:1164)
	at java.io.ObjectOutputStream.writeArray(ObjectOutputStream.java:1346)
	at java.io.ObjectOutputStream.writeObject0(ObjectOutputStream.java:1154)
	at java.io.ObjectOutputStream.writeObject(ObjectOutputStream.java:330)
	at java.rmi.MarshalledObject.<init>(MarshalledObject.java:101)
	at javax.management.remote.rmi.RMIConnector$RemoteMBeanServerConnection.invoke(RMIConnector.java:990)
	at javax.management.MBeanServerInvocationHandler.invoke(MBeanServerInvocationHandler.java:288)
	... 11 more
2012-06-12 14:01:07,741 ERROR    MainGeoBatchJMXClient:151 - java.lang.reflect.UndeclaredThrowableException
java.util.concurrent.ExecutionException: java.lang.reflect.UndeclaredThrowableException
	at java.util.concurrent.FutureTask$Sync.innerGet(FutureTask.java:222)
	at java.util.concurrent.FutureTask.get(FutureTask.java:83)
	at it.geosolutions.geobatch.services.jmx.MainGeoBatchJMXClient.main(MainGeoBatchJMXClient.java:104)
Caused by: java.lang.reflect.UndeclaredThrowableException
	at $Proxy0.registerListener(Unknown Source)
	at it.geosolutions.geobatch.services.jmx.JMXAsynchConsumer.call(JMXAsynchConsumer.java:176)
	at it.geosolutions.geobatch.services.jmx.JMXAsynchConsumer.call(JMXAsynchConsumer.java:1)
	at java.util.concurrent.FutureTask$Sync.innerRun(FutureTask.java:303)
	at java.util.concurrent.FutureTask.run(FutureTask.java:138)
	at java.util.concurrent.Executors$RunnableAdapter.call(Executors.java:441)
	at java.util.concurrent.FutureTask$Sync.innerRun(FutureTask.java:303)
	at java.util.concurrent.FutureTask.run(FutureTask.java:138)
	at java.util.concurrent.ThreadPoolExecutor$Worker.runTask(ThreadPoolExecutor.java:886)
	at java.util.concurrent.ThreadPoolExecutor$Worker.run(ThreadPoolExecutor.java:908)
	at java.lang.Thread.run(Thread.java:662)
Caused by: java.io.NotSerializableException: it.geosolutions.geobatch.flow.event.listeners.cumulator.CumulatingProgressListener
	at java.io.ObjectOutputStream.writeObject0(ObjectOutputStream.java:1164)
	at java.io.ObjectOutputStream.writeArray(ObjectOutputStream.java:1346)
	at java.io.ObjectOutputStream.writeObject0(ObjectOutputStream.java:1154)
	at java.io.ObjectOutputStream.writeObject(ObjectOutputStream.java:330)
	at java.rmi.MarshalledObject.<init>(MarshalledObject.java:101)
	at javax.management.remote.rmi.RMIConnector$RemoteMBeanServerConnection.invoke(RMIConnector.java:990)
	at javax.management.MBeanServerInvocationHandler.invoke(MBeanServerInvocationHandler.java:288)
	... 11 more
2012-06-12 14:04:00,763  WARN               ClientTest:53 - Tests are disabled. Please read the documentation to enable them.
2012-06-12 14:07:11,484  WARN               ClientTest:53 - Tests are disabled. Please read the documentation to enable them.
2012-06-12 14:10:11,107 ERROR    MainGeoBatchJMXClient:151 - java.lang.reflect.UndeclaredThrowableException
java.util.concurrent.ExecutionException: java.lang.reflect.UndeclaredThrowableException
	at java.util.concurrent.FutureTask$Sync.innerGet(FutureTask.java:222)
	at java.util.concurrent.FutureTask.get(FutureTask.java:83)
	at it.geosolutions.geobatch.services.jmx.MainGeoBatchJMXClient.main(MainGeoBatchJMXClient.java:104)
Caused by: java.lang.reflect.UndeclaredThrowableException
	at $Proxy0.registerListener(Unknown Source)
	at it.geosolutions.geobatch.services.jmx.JMXAsynchConsumer.call(JMXAsynchConsumer.java:176)
	at it.geosolutions.geobatch.services.jmx.JMXAsynchConsumer.call(JMXAsynchConsumer.java:1)
	at java.util.concurrent.FutureTask$Sync.innerRun(FutureTask.java:303)
	at java.util.concurrent.FutureTask.run(FutureTask.java:138)
	at java.util.concurrent.Executors$RunnableAdapter.call(Executors.java:441)
	at java.util.concurrent.FutureTask$Sync.innerRun(FutureTask.java:303)
	at java.util.concurrent.FutureTask.run(FutureTask.java:138)
	at java.util.concurrent.ThreadPoolExecutor$Worker.runTask(ThreadPoolExecutor.java:886)
	at java.util.concurrent.ThreadPoolExecutor$Worker.run(ThreadPoolExecutor.java:908)
	at java.lang.Thread.run(Thread.java:662)
Caused by: java.io.InvalidClassException: it.geosolutions.geobatch.flow.event.listeners.cumulator.CumulatingProgressListener; it.geosolutions.geobatch.flow.event.listeners.cumulator.CumulatingProgressListener; no valid constructor
	at java.io.ObjectStreamClass.checkDeserialize(ObjectStreamClass.java:713)
	at java.io.ObjectInputStream.readOrdinaryObject(ObjectInputStream.java:1732)
	at java.io.ObjectInputStream.readObject0(ObjectInputStream.java:1328)
	at java.io.ObjectInputStream.readArray(ObjectInputStream.java:1666)
	at java.io.ObjectInputStream.readObject0(ObjectInputStream.java:1322)
	at java.io.ObjectInputStream.readObject(ObjectInputStream.java:350)
	at java.rmi.MarshalledObject.get(MarshalledObject.java:142)
	at javax.management.remote.rmi.RMIConnectionImpl.unwrap(RMIConnectionImpl.java:1523)
	at javax.management.remote.rmi.RMIConnectionImpl.unwrap(RMIConnectionImpl.java:1559)
	at javax.management.remote.rmi.RMIConnectionImpl.invoke(RMIConnectionImpl.java:771)
	at sun.reflect.NativeMethodAccessorImpl.invoke0(Native Method)
	at sun.reflect.NativeMethodAccessorImpl.invoke(NativeMethodAccessorImpl.java:39)
	at sun.reflect.DelegatingMethodAccessorImpl.invoke(DelegatingMethodAccessorImpl.java:25)
	at java.lang.reflect.Method.invoke(Method.java:597)
	at sun.rmi.server.UnicastServerRef.dispatch(UnicastServerRef.java:305)
	at sun.rmi.transport.Transport$1.run(Transport.java:159)
	at java.security.AccessController.doPrivileged(Native Method)
	at sun.rmi.transport.Transport.serviceCall(Transport.java:155)
	at sun.rmi.transport.tcp.TCPTransport.handleMessages(TCPTransport.java:535)
	at sun.rmi.transport.tcp.TCPTransport$ConnectionHandler.run0(TCPTransport.java:790)
	at sun.rmi.transport.tcp.TCPTransport$ConnectionHandler.run(TCPTransport.java:649)
	at java.util.concurrent.ThreadPoolExecutor$Worker.runTask(ThreadPoolExecutor.java:886)
	at java.util.concurrent.ThreadPoolExecutor$Worker.run(ThreadPoolExecutor.java:908)
	at java.lang.Thread.run(Thread.java:662)
	at sun.rmi.transport.StreamRemoteCall.exceptionReceivedFromServer(StreamRemoteCall.java:255)
	at sun.rmi.transport.StreamRemoteCall.executeCall(StreamRemoteCall.java:233)
	at sun.rmi.server.UnicastRef.invoke(UnicastRef.java:142)
	at com.sun.jmx.remote.internal.PRef.invoke(Unknown Source)
	at javax.management.remote.rmi.RMIConnectionImpl_Stub.invoke(Unknown Source)
	at javax.management.remote.rmi.RMIConnector$RemoteMBeanServerConnection.invoke(RMIConnector.java:993)
	at javax.management.MBeanServerInvocationHandler.invoke(MBeanServerInvocationHandler.java:288)
	... 11 more
Caused by: java.io.InvalidClassException: it.geosolutions.geobatch.flow.event.listeners.cumulator.CumulatingProgressListener; no valid constructor
	at java.io.ObjectStreamClass.<init>(ObjectStreamClass.java:471)
	at java.io.ObjectStreamClass.lookup(ObjectStreamClass.java:310)
	at java.io.ObjectStreamClass.initNonProxy(ObjectStreamClass.java:547)
	at java.io.ObjectInputStream.readNonProxyDesc(ObjectInputStream.java:1582)
	at java.io.ObjectInputStream.readClassDesc(ObjectInputStream.java:1495)
	at java.io.ObjectInputStream.readOrdinaryObject(ObjectInputStream.java:1731)
	at java.io.ObjectInputStream.readObject0(ObjectInputStream.java:1328)
	at java.io.ObjectInputStream.readArray(ObjectInputStream.java:1666)
	at java.io.ObjectInputStream.readObject0(ObjectInputStream.java:1322)
	at java.io.ObjectInputStream.readObject(ObjectInputStream.java:350)
	at java.rmi.MarshalledObject.get(MarshalledObject.java:142)
	at javax.management.remote.rmi.RMIConnectionImpl.unwrap(RMIConnectionImpl.java:1523)
	at javax.management.remote.rmi.RMIConnectionImpl.unwrap(RMIConnectionImpl.java:1559)
	at javax.management.remote.rmi.RMIConnectionImpl.invoke(RMIConnectionImpl.java:771)
	at sun.reflect.NativeMethodAccessorImpl.invoke0(Native Method)
	at sun.reflect.NativeMethodAccessorImpl.invoke(NativeMethodAccessorImpl.java:39)
	at sun.reflect.DelegatingMethodAccessorImpl.invoke(DelegatingMethodAccessorImpl.java:25)
	at java.lang.reflect.Method.invoke(Method.java:597)
	at sun.rmi.server.UnicastServerRef.dispatch(UnicastServerRef.java:305)
	at sun.rmi.transport.Transport$1.run(Transport.java:159)
	at java.security.AccessController.doPrivileged(Native Method)
	at sun.rmi.transport.Transport.serviceCall(Transport.java:155)
	at sun.rmi.transport.tcp.TCPTransport.handleMessages(TCPTransport.java:535)
	at sun.rmi.transport.tcp.TCPTransport$ConnectionHandler.run0(TCPTransport.java:790)
	at sun.rmi.transport.tcp.TCPTransport$ConnectionHandler.run(TCPTransport.java:649)
	... 3 more
2012-06-12 14:18:08,920  WARN               ClientTest:53 - Tests are disabled. Please read the documentation to enable them.
2012-06-12 14:19:15,404 ERROR    MainGeoBatchJMXClient:151 - java.lang.reflect.UndeclaredThrowableException
java.util.concurrent.ExecutionException: java.lang.reflect.UndeclaredThrowableException
	at java.util.concurrent.FutureTask$Sync.innerGet(FutureTask.java:222)
	at java.util.concurrent.FutureTask.get(FutureTask.java:83)
	at it.geosolutions.geobatch.services.jmx.MainGeoBatchJMXClient.main(MainGeoBatchJMXClient.java:104)
Caused by: java.lang.reflect.UndeclaredThrowableException
	at $Proxy0.registerListener(Unknown Source)
	at it.geosolutions.geobatch.services.jmx.JMXAsynchConsumer.call(JMXAsynchConsumer.java:176)
	at it.geosolutions.geobatch.services.jmx.JMXAsynchConsumer.call(JMXAsynchConsumer.java:1)
	at java.util.concurrent.FutureTask$Sync.innerRun(FutureTask.java:303)
	at java.util.concurrent.FutureTask.run(FutureTask.java:138)
	at java.util.concurrent.Executors$RunnableAdapter.call(Executors.java:441)
	at java.util.concurrent.FutureTask$Sync.innerRun(FutureTask.java:303)
	at java.util.concurrent.FutureTask.run(FutureTask.java:138)
	at java.util.concurrent.ThreadPoolExecutor$Worker.runTask(ThreadPoolExecutor.java:886)
	at java.util.concurrent.ThreadPoolExecutor$Worker.run(ThreadPoolExecutor.java:908)
	at java.lang.Thread.run(Thread.java:662)
Caused by: javax.management.ServiceNotFoundException: Operation registerListener not in ModelMBeanInfo
	at javax.management.modelmbean.RequiredModelMBean.invoke(RequiredModelMBean.java:861)
	at org.springframework.jmx.export.SpringModelMBean.invoke(SpringModelMBean.java:90)
	at com.sun.jmx.interceptor.DefaultMBeanServerInterceptor.invoke(DefaultMBeanServerInterceptor.java:836)
	at com.sun.jmx.mbeanserver.JmxMBeanServer.invoke(JmxMBeanServer.java:761)
	at javax.management.remote.rmi.RMIConnectionImpl.doOperation(RMIConnectionImpl.java:1427)
	at javax.management.remote.rmi.RMIConnectionImpl.access$200(RMIConnectionImpl.java:72)
	at javax.management.remote.rmi.RMIConnectionImpl$PrivilegedOperation.run(RMIConnectionImpl.java:1265)
	at javax.management.remote.rmi.RMIConnectionImpl.doPrivilegedOperation(RMIConnectionImpl.java:1360)
	at javax.management.remote.rmi.RMIConnectionImpl.invoke(RMIConnectionImpl.java:788)
	at sun.reflect.NativeMethodAccessorImpl.invoke0(Native Method)
	at sun.reflect.NativeMethodAccessorImpl.invoke(NativeMethodAccessorImpl.java:39)
	at sun.reflect.DelegatingMethodAccessorImpl.invoke(DelegatingMethodAccessorImpl.java:25)
	at java.lang.reflect.Method.invoke(Method.java:597)
	at sun.rmi.server.UnicastServerRef.dispatch(UnicastServerRef.java:305)
	at sun.rmi.transport.Transport$1.run(Transport.java:159)
	at java.security.AccessController.doPrivileged(Native Method)
	at sun.rmi.transport.Transport.serviceCall(Transport.java:155)
	at sun.rmi.transport.tcp.TCPTransport.handleMessages(TCPTransport.java:535)
	at sun.rmi.transport.tcp.TCPTransport$ConnectionHandler.run0(TCPTransport.java:790)
	at sun.rmi.transport.tcp.TCPTransport$ConnectionHandler.run(TCPTransport.java:649)
	... 3 more
2012-06-12 14:24:19,331  WARN               ClientTest:53 - Tests are disabled. Please read the documentation to enable them.
