2013-02-01 08:30:22,051 WARN [config.CustomEditorConfigurer] - Passing PropertyEditor instances into CustomEditorConfigurer is deprecated: use PropertyEditorRegistrars or PropertyEditor class names instead. Offending key [org.geotools.util.Version; offending editor instance: org.geoserver.platform.util.VersionPropertyEditor@166aab6
2013-02-01 08:30:22,598 ERROR [geoserver.global] - 
----------------------------------
- GEOSERVER_DATA_DIR: /home/carlo/work/code/java/ciok/tech-cdr/geoserver/web/src/main/webapp/data
----------------------------------
2013-02-01 08:30:22,827 INFO [org.geoserver] - Loaded style 'point'
2013-02-01 08:30:22,828 INFO [org.geoserver] - Loaded style 'polygon'
2013-02-01 08:30:22,828 INFO [org.geoserver] - Loaded style 'line'
2013-02-01 08:30:22,829 INFO [org.geoserver] - Loaded style 'raster'
2013-02-01 08:30:22,829 WARN [org.geoserver] - No default workspace was found.
2013-02-01 08:30:22,834 INFO [org.geoserver] - Loaded workspace 'it.geosolutions'
2013-02-01 08:30:22,864 INFO [org.geoserver] - Loaded workspace 'topp'
2013-02-01 08:30:22,997 INFO [org.geoserver] - Loaded service 'wcs', enabled
2013-02-01 08:30:23,031 INFO [org.geoserver] - Loaded service 'wfs', enabled
2013-02-01 08:30:23,087 INFO [org.geoserver] - Loaded service 'wms', enabled
2013-02-01 08:30:23,099 INFO [org.geoserver] - Loaded service 'wps', enabled
2013-02-01 08:30:23,241 INFO [storage.DefaultStorageFinder] - ***************************************************************************************
2013-02-01 08:30:23,242 INFO [storage.DefaultStorageFinder] - *** Reverting to java.io.tmpdir null for storage. Please set GEOWEBCACHE_CACHE_DIR. ***
2013-02-01 08:30:23,242 INFO [storage.DefaultStorageFinder] - ***************************************************************************************
2013-02-01 08:30:23,242 INFO [config.XMLConfiguration] - Will look for geowebcache.xml in '/tmp/geowebcache'
2013-02-01 08:30:23,744 INFO [gwc.config] - Initializing GeoServer specific GWC configuration from gwc-gs.xml
2013-02-01 08:30:23,796 INFO [geoserver.flow] - Control-flow inactive, there are no configured rules
2013-02-01 08:30:23,819 INFO [ows.OWSHandlerMapping] - Mapped URL path [/ows/**] onto handler 'dispatcher'
2013-02-01 08:30:23,819 INFO [ows.OWSHandlerMapping] - Mapped URL path [/ows] onto handler 'dispatcher'
2013-02-01 08:30:23,841 INFO [org.geoserver] - GeoServer configuration lock is enabled
2013-02-01 08:30:23,845 INFO [ows.OWSHandlerMapping] - Mapped URL path [/wcs] onto handler 'dispatcher'
2013-02-01 08:30:23,845 INFO [ows.OWSHandlerMapping] - Mapped URL path [/wcs/**] onto handler 'dispatcher'
2013-02-01 08:30:24,036 INFO [ows.OWSHandlerMapping] - Mapped URL path [/wfs/*] onto handler 'dispatcher'
2013-02-01 08:30:24,037 INFO [ows.OWSHandlerMapping] - Mapped URL path [/TestWfsPost] onto handler 'wfsTestServlet'
2013-02-01 08:30:24,037 INFO [ows.OWSHandlerMapping] - Mapped URL path [/wfs] onto handler 'dispatcher'
2013-02-01 08:30:29,193 INFO [jdbc.JDBCMBWrapper] - MetaStore database is version 120
2013-02-01 08:30:29,271 INFO [gwc.layer] - Initializing GWC configuration based on GeoServer's Catalog
2013-02-01 08:30:29,271 INFO [gwc.layer] - GeoServer TileLayer store base directory is: /home/carlo/work/code/java/ciok/tech-cdr/geoserver/web/src/main/webapp/data/gwc-layers
2013-02-01 08:30:29,272 INFO [gwc.layer] - Loading tile layers from /home/carlo/work/code/java/ciok/tech-cdr/geoserver/web/src/main/webapp/data/gwc-layers
2013-02-01 08:30:29,287 INFO [gwc.layer] - GWC configuration based on GeoServer's Catalog loaded successfuly
2013-02-01 08:30:29,287 INFO [layer.TileLayerDispatcher] - Configuration GeoServer Catalog Configuration contained no layers.
2013-02-01 08:30:29,288 WARN [config.XMLConfiguration] - Found no configuration file in config directory, will create one at '/tmp/geowebcache/geowebcache.xml' from template jar:file:/home/carlo/.m2/repository/org/geowebcache/gwc-core/1.3-RC5/gwc-core-1.3-RC5.jar!/geowebcache_empty.xml
2013-02-01 08:30:29,402 INFO [config.XMLConfiguration] - Configuration file validated fine.
2013-02-01 08:30:29,408 INFO [config.XMLConfiguration] - Initializing GridSets from /tmp/geowebcache
2013-02-01 08:30:29,415 INFO [config.XMLConfiguration] - Initializing layers from /tmp/geowebcache
2013-02-01 08:30:29,416 INFO [layer.TileLayerDispatcher] - Configuration /tmp/geowebcache contained no layers.
2013-02-01 08:30:29,519 INFO [storage.EntityStoreBuilder] - Neither disk quota page store' cache memory percent nor cache size was provided. Defaulting to 25% Heap Size
2013-02-01 08:30:30,044 INFO [storage.BDBQuotaStore] - Berkeley DB JE Disk Quota page store configured at /tmp/geowebcache/diskquota_page_store
2013-02-01 08:30:30,046 INFO [storage.BDBQuotaStore] - Quota Store initialized. Global quota: 0.0 B
2013-02-01 08:30:30,054 INFO [diskquota.ConfigLoader] - DiskQuota configuration not found: /tmp/geowebcache/geowebcache-diskquota.xml
2013-02-01 08:30:30,057 INFO [diskquota.DiskQuotaMonitor] - Setting up disk quota periodic enforcement task
2013-02-01 08:30:30,061 INFO [diskquota.DiskQuotaMonitor] - 0 layers configured with their own quotas. 
2013-02-01 08:30:30,062 INFO [diskquota.DiskQuotaMonitor] - 0 layers attached to global quota 500.0 MB
2013-02-01 08:30:30,088 INFO [diskquota.DiskQuotaMonitor] - Disk quota periodic enforcement task set up every 10 SECONDS
2013-02-01 08:30:30,152 INFO [ows.OWSHandlerMapping] - Mapped URL path [/wms/*] onto handler 'dispatcher'
2013-02-01 08:30:30,152 INFO [ows.OWSHandlerMapping] - Mapped URL path [/wms] onto handler 'dispatcher'
2013-02-01 08:30:30,250 INFO [ows.OWSHandlerMapping] - Mapped URL path [/kml] onto handler 'dispatcher'
2013-02-01 08:30:30,250 INFO [ows.OWSHandlerMapping] - Mapped URL path [/kml/*] onto handler 'dispatcher'
2013-02-01 08:30:30,253 INFO [ows.OWSHandlerMapping] - Mapped URL path [/animate] onto handler 'dispatcher'
2013-02-01 08:30:30,253 INFO [ows.OWSHandlerMapping] - Mapped URL path [/animate/*] onto handler 'dispatcher'
2013-02-01 08:30:31,019 INFO [ows.OWSHandlerMapping] - Mapped URL path [/gwc/service/**] onto handler 'dispatcher'
2013-02-01 08:30:31,045 INFO [geowebcache.GeoWebCacheDispatcher] - Invoked setServletPrefix(gwc)
2013-02-01 08:30:31,050 INFO [georss.GeoRSSPoller] - Initializing GeoRSS poller in a background job...
2013-02-01 08:30:31,051 INFO [georss.GeoRSSPoller] - No enabled GeoRSS feeds found, poller will not run.
2013-02-01 08:30:31,115 INFO [rest.RESTDispatcher] - Created RESTDispatcher with 13 paths
2013-02-01 08:30:31,133 INFO [wms.WMSService] - Will NOT recombine tiles for non-tiling clients.
2013-02-01 08:30:31,134 INFO [wms.WMSService] - Will proxy requests to backend that are not getmap or getcapabilities.
2013-02-01 08:30:31,571 INFO [geoserver.security] - Start security migration
2013-02-01 08:30:31,628 INFO [geoserver.security] - Information regarding the master password is in: /home/carlo/work/code/java/ciok/tech-cdr/geoserver/web/src/main/webapp/data/security/masterpw.info
2013-02-01 08:30:32,420 WARN [geoserver.security] - Strong cryptograhpy is NOT available
Download and install of policy files recommended
from http://www.oracle.com/technetwork/java/javase/downloads/jce-6-download-429243.html
2013-02-01 08:30:32,709 INFO [geoserver.security] - Start encrypting configuration passwords using pbePasswordEncoder
2013-02-01 08:30:32,768 INFO [geoserver.security] - End encrypting configuration passwords
2013-02-01 08:30:32,899 INFO [security.xml] - Successful lock: /home/carlo/work/code/java/ciok/tech-cdr/geoserver/web/src/main/webapp/data/security/usergroup/default/users.xml.lock
2013-02-01 08:30:32,966 INFO [security.xml] - Successful lock: /home/carlo/work/code/java/ciok/tech-cdr/geoserver/web/src/main/webapp/data/security/role/default/roles.xml.lock
2013-02-01 08:30:32,981 INFO [geoserver.security] - Start storing roles for service named default
2013-02-01 08:30:33,014 INFO [geoserver.security] - Storing roles successful for service named default
2013-02-01 08:30:33,014 INFO [geoserver.security] - Start reloading roles for service named default
2013-02-01 08:30:33,095 INFO [geoserver.security] - Reloading roles successful for service named default
2013-02-01 08:30:33,096 INFO [geoserver.security] - Adjusted last modified for file: /home/carlo/work/code/java/ciok/tech-cdr/geoserver/web/src/main/webapp/data/security/role/default/roles.xml
2013-02-01 08:30:33,110 INFO [geoserver.security] - Start storing user/grous for service named default
2013-02-01 08:30:33,121 INFO [geoserver.security] - Storing user/grous successful for service named default
2013-02-01 08:30:33,122 INFO [geoserver.security] - Start reloading user/grous for service named default
2013-02-01 08:30:33,136 INFO [geoserver.security] - Reloading user/groups successful for service named default
2013-02-01 08:30:33,136 INFO [geoserver.security] - Adjusted last modified for file: /home/carlo/work/code/java/ciok/tech-cdr/geoserver/web/src/main/webapp/data/security/usergroup/default/users.xml
2013-02-01 08:30:33,137 INFO [geoserver.security] - End security migration
2013-02-01 08:30:33,282 WARN [mortbay.log] - EXCEPTION 
java.lang.ClassNotFoundException: org.fao.techcdr.filter.CrossOriginFilter
	at java.net.URLClassLoader$1.run(URLClassLoader.java:202)
	at java.security.AccessController.doPrivileged(Native Method)
	at java.net.URLClassLoader.findClass(URLClassLoader.java:190)
	at java.lang.ClassLoader.loadClass(ClassLoader.java:306)
	at sun.misc.Launcher$AppClassLoader.loadClass(Launcher.java:301)
	at java.lang.ClassLoader.loadClass(ClassLoader.java:247)
	at org.mortbay.jetty.webapp.WebAppClassLoader.loadClass(WebAppClassLoader.java:375)
	at org.mortbay.jetty.webapp.WebAppClassLoader.loadClass(WebAppClassLoader.java:337)
	at org.mortbay.util.Loader.loadClass(Loader.java:91)
	at org.mortbay.util.Loader.loadClass(Loader.java:71)
	at org.mortbay.jetty.servlet.Holder.doStart(Holder.java:73)
	at org.mortbay.jetty.servlet.FilterHolder.doStart(FilterHolder.java:81)
	at org.mortbay.component.AbstractLifeCycle.start(AbstractLifeCycle.java:39)
	at org.mortbay.jetty.servlet.ServletHandler.initialize(ServletHandler.java:589)
	at org.mortbay.jetty.servlet.Context.startContext(Context.java:139)
	at org.mortbay.jetty.webapp.WebAppContext.startContext(WebAppContext.java:1220)
	at org.mortbay.jetty.handler.ContextHandler.doStart(ContextHandler.java:510)
	at org.mortbay.jetty.webapp.WebAppContext.doStart(WebAppContext.java:448)
	at org.mortbay.component.AbstractLifeCycle.start(AbstractLifeCycle.java:39)
	at org.mortbay.jetty.handler.HandlerWrapper.doStart(HandlerWrapper.java:130)
	at org.mortbay.jetty.Server.doStart(Server.java:222)
	at org.mortbay.component.AbstractLifeCycle.start(AbstractLifeCycle.java:39)
	at org.geoserver.web.Start.main(Start.java:116)
2013-02-01 08:30:33,283 WARN [mortbay.log] - failed cross-origin
javax.servlet.UnavailableException: org.fao.techcdr.filter.CrossOriginFilter
	at org.mortbay.jetty.servlet.Holder.doStart(Holder.java:79)
	at org.mortbay.jetty.servlet.FilterHolder.doStart(FilterHolder.java:81)
	at org.mortbay.component.AbstractLifeCycle.start(AbstractLifeCycle.java:39)
	at org.mortbay.jetty.servlet.ServletHandler.initialize(ServletHandler.java:589)
	at org.mortbay.jetty.servlet.Context.startContext(Context.java:139)
	at org.mortbay.jetty.webapp.WebAppContext.startContext(WebAppContext.java:1220)
	at org.mortbay.jetty.handler.ContextHandler.doStart(ContextHandler.java:510)
	at org.mortbay.jetty.webapp.WebAppContext.doStart(WebAppContext.java:448)
	at org.mortbay.component.AbstractLifeCycle.start(AbstractLifeCycle.java:39)
	at org.mortbay.jetty.handler.HandlerWrapper.doStart(HandlerWrapper.java:130)
	at org.mortbay.jetty.Server.doStart(Server.java:222)
	at org.mortbay.component.AbstractLifeCycle.start(AbstractLifeCycle.java:39)
	at org.geoserver.web.Start.main(Start.java:116)
2013-02-01 08:30:33,284 WARN [mortbay.log] - Failed startup of context org.mortbay.jetty.webapp.WebAppContext@5332ca{/geoserver,src/main/webapp}
javax.servlet.UnavailableException: org.fao.techcdr.filter.CrossOriginFilter
	at org.mortbay.jetty.servlet.Holder.doStart(Holder.java:79)
	at org.mortbay.jetty.servlet.FilterHolder.doStart(FilterHolder.java:81)
	at org.mortbay.component.AbstractLifeCycle.start(AbstractLifeCycle.java:39)
	at org.mortbay.jetty.servlet.ServletHandler.initialize(ServletHandler.java:589)
	at org.mortbay.jetty.servlet.Context.startContext(Context.java:139)
	at org.mortbay.jetty.webapp.WebAppContext.startContext(WebAppContext.java:1220)
	at org.mortbay.jetty.handler.ContextHandler.doStart(ContextHandler.java:510)
	at org.mortbay.jetty.webapp.WebAppContext.doStart(WebAppContext.java:448)
	at org.mortbay.component.AbstractLifeCycle.start(AbstractLifeCycle.java:39)
	at org.mortbay.jetty.handler.HandlerWrapper.doStart(HandlerWrapper.java:130)
	at org.mortbay.jetty.Server.doStart(Server.java:222)
	at org.mortbay.component.AbstractLifeCycle.start(AbstractLifeCycle.java:39)
	at org.geoserver.web.Start.main(Start.java:116)
2013-02-01 09:33:33,666 WARN [config.CustomEditorConfigurer] - Passing PropertyEditor instances into CustomEditorConfigurer is deprecated: use PropertyEditorRegistrars or PropertyEditor class names instead. Offending key [org.geotools.util.Version; offending editor instance: org.geoserver.platform.util.VersionPropertyEditor@75d758
2013-02-01 09:33:39,235 ERROR [geoserver.global] - 
----------------------------------
- GEOSERVER_DATA_DIR: /home/carlo/work/code/java/ciok/tech-cdr/geoserver/web/src/main/webapp/data
----------------------------------
2013-02-01 09:33:39,955 INFO [org.geoserver] - Loaded style 'point'
2013-02-01 09:33:39,956 INFO [org.geoserver] - Loaded style 'polygon'
2013-02-01 09:33:39,956 INFO [org.geoserver] - Loaded style 'line'
2013-02-01 09:33:39,957 INFO [org.geoserver] - Loaded style 'raster'
2013-02-01 09:33:39,974 INFO [org.geoserver] - Loaded default workspace it.geosolutions
2013-02-01 09:33:39,994 INFO [org.geoserver] - Loaded workspace 'it.geosolutions'
2013-02-01 09:33:39,996 INFO [org.geoserver] - Loaded workspace 'topp'
2013-02-01 09:33:40,149 INFO [org.geoserver] - Loaded service 'wcs', enabled
2013-02-01 09:33:40,274 INFO [org.geoserver] - Loaded service 'wfs', enabled
2013-02-01 09:33:40,313 INFO [org.geoserver] - Loaded service 'wms', enabled
2013-02-01 09:33:40,352 INFO [org.geoserver] - Loaded service 'wps', enabled
2013-02-01 09:33:40,513 INFO [storage.DefaultStorageFinder] - ***************************************************************************************
2013-02-01 09:33:40,513 INFO [storage.DefaultStorageFinder] - *** Reverting to java.io.tmpdir null for storage. Please set GEOWEBCACHE_CACHE_DIR. ***
2013-02-01 09:33:40,513 INFO [storage.DefaultStorageFinder] - ***************************************************************************************
2013-02-01 09:33:40,513 INFO [config.XMLConfiguration] - Will look for geowebcache.xml in '/tmp/geowebcache'
2013-02-01 09:33:42,239 INFO [gwc.config] - Initializing GeoServer specific GWC configuration from gwc-gs.xml
2013-02-01 09:33:42,306 INFO [geoserver.flow] - Control-flow inactive, there are no configured rules
2013-02-01 09:33:42,333 INFO [ows.OWSHandlerMapping] - Mapped URL path [/ows/**] onto handler 'dispatcher'
2013-02-01 09:33:42,333 INFO [ows.OWSHandlerMapping] - Mapped URL path [/ows] onto handler 'dispatcher'
2013-02-01 09:33:42,373 INFO [org.geoserver] - GeoServer configuration lock is enabled
2013-02-01 09:33:42,378 INFO [ows.OWSHandlerMapping] - Mapped URL path [/wcs] onto handler 'dispatcher'
2013-02-01 09:33:42,378 INFO [ows.OWSHandlerMapping] - Mapped URL path [/wcs/**] onto handler 'dispatcher'
2013-02-01 09:33:43,533 INFO [ows.OWSHandlerMapping] - Mapped URL path [/wfs/*] onto handler 'dispatcher'
2013-02-01 09:33:43,533 INFO [ows.OWSHandlerMapping] - Mapped URL path [/TestWfsPost] onto handler 'wfsTestServlet'
2013-02-01 09:33:43,533 INFO [ows.OWSHandlerMapping] - Mapped URL path [/wfs] onto handler 'dispatcher'
2013-02-01 09:33:55,646 INFO [jdbc.JDBCMBWrapper] - MetaStore database is version 120
2013-02-01 09:33:56,142 INFO [gwc.layer] - Initializing GWC configuration based on GeoServer's Catalog
2013-02-01 09:33:56,144 INFO [gwc.layer] - GeoServer TileLayer store base directory is: /home/carlo/work/code/java/ciok/tech-cdr/geoserver/web/src/main/webapp/data/gwc-layers
2013-02-01 09:33:56,163 INFO [gwc.layer] - Loading tile layers from /home/carlo/work/code/java/ciok/tech-cdr/geoserver/web/src/main/webapp/data/gwc-layers
2013-02-01 09:33:56,474 INFO [gwc.layer] - GWC configuration based on GeoServer's Catalog loaded successfuly
2013-02-01 09:33:56,475 INFO [layer.TileLayerDispatcher] - Configuration GeoServer Catalog Configuration contained no layers.
2013-02-01 09:33:56,475 INFO [config.XMLConfiguration] - Found configuration file in /tmp/geowebcache
2013-02-01 09:33:56,759 INFO [config.XMLConfiguration] - Configuration file validated fine.
2013-02-01 09:33:56,770 INFO [config.XMLConfiguration] - Initializing GridSets from /tmp/geowebcache
2013-02-01 09:33:56,771 INFO [config.XMLConfiguration] - Initializing layers from /tmp/geowebcache
2013-02-01 09:33:56,771 INFO [layer.TileLayerDispatcher] - Configuration /tmp/geowebcache contained no layers.
2013-02-01 09:33:57,873 INFO [storage.EntityStoreBuilder] - Neither disk quota page store' cache memory percent nor cache size was provided. Defaulting to 25% Heap Size
2013-02-01 09:33:59,084 INFO [storage.BDBQuotaStore] - Berkeley DB JE Disk Quota page store configured at /tmp/geowebcache/diskquota_page_store
2013-02-01 09:33:59,086 INFO [storage.BDBQuotaStore] - Quota Store initialized. Global quota: 0.0 B
2013-02-01 09:33:59,135 INFO [diskquota.ConfigLoader] - DiskQuota configuration not found: /tmp/geowebcache/geowebcache-diskquota.xml
2013-02-01 09:33:59,139 INFO [diskquota.DiskQuotaMonitor] - Setting up disk quota periodic enforcement task
2013-02-01 09:33:59,163 INFO [diskquota.DiskQuotaMonitor] - 0 layers configured with their own quotas. 
2013-02-01 09:33:59,164 INFO [diskquota.DiskQuotaMonitor] - 0 layers attached to global quota 500.0 MB
2013-02-01 09:33:59,205 INFO [diskquota.DiskQuotaMonitor] - Disk quota periodic enforcement task set up every 10 SECONDS
2013-02-01 09:33:59,356 INFO [ows.OWSHandlerMapping] - Mapped URL path [/wms/*] onto handler 'dispatcher'
2013-02-01 09:33:59,356 INFO [ows.OWSHandlerMapping] - Mapped URL path [/wms] onto handler 'dispatcher'
2013-02-01 09:33:59,456 INFO [ows.OWSHandlerMapping] - Mapped URL path [/kml] onto handler 'dispatcher'
2013-02-01 09:33:59,456 INFO [ows.OWSHandlerMapping] - Mapped URL path [/kml/*] onto handler 'dispatcher'
2013-02-01 09:33:59,458 INFO [ows.OWSHandlerMapping] - Mapped URL path [/animate] onto handler 'dispatcher'
2013-02-01 09:33:59,458 INFO [ows.OWSHandlerMapping] - Mapped URL path [/animate/*] onto handler 'dispatcher'
2013-02-01 09:34:00,388 INFO [ows.OWSHandlerMapping] - Mapped URL path [/gwc/service/**] onto handler 'dispatcher'
2013-02-01 09:34:00,408 INFO [geowebcache.GeoWebCacheDispatcher] - Invoked setServletPrefix(gwc)
2013-02-01 09:34:00,428 INFO [georss.GeoRSSPoller] - Initializing GeoRSS poller in a background job...
2013-02-01 09:34:00,438 INFO [georss.GeoRSSPoller] - No enabled GeoRSS feeds found, poller will not run.
2013-02-01 09:34:00,614 INFO [rest.RESTDispatcher] - Created RESTDispatcher with 13 paths
2013-02-01 09:34:00,707 INFO [wms.WMSService] - Will NOT recombine tiles for non-tiling clients.
2013-02-01 09:34:00,707 INFO [wms.WMSService] - Will proxy requests to backend that are not getmap or getcapabilities.
2013-02-01 09:34:01,275 WARN [geoserver.security] - /home/carlo/work/code/java/ciok/tech-cdr/geoserver/web/src/main/webapp/data/security/masterpw.info is a security risk. Please read this file and remove it afterward
2013-02-01 09:34:03,369 WARN [mortbay.log] - EXCEPTION 
java.lang.ClassNotFoundException: org.fao.techcdr.filter.CrossOriginFilter
	at java.net.URLClassLoader$1.run(URLClassLoader.java:202)
	at java.security.AccessController.doPrivileged(Native Method)
	at java.net.URLClassLoader.findClass(URLClassLoader.java:190)
	at java.lang.ClassLoader.loadClass(ClassLoader.java:306)
	at sun.misc.Launcher$AppClassLoader.loadClass(Launcher.java:301)
	at java.lang.ClassLoader.loadClass(ClassLoader.java:247)
	at org.mortbay.jetty.webapp.WebAppClassLoader.loadClass(WebAppClassLoader.java:375)
	at org.mortbay.jetty.webapp.WebAppClassLoader.loadClass(WebAppClassLoader.java:337)
	at org.mortbay.util.Loader.loadClass(Loader.java:91)
	at org.mortbay.util.Loader.loadClass(Loader.java:71)
	at org.mortbay.jetty.servlet.Holder.doStart(Holder.java:73)
	at org.mortbay.jetty.servlet.FilterHolder.doStart(FilterHolder.java:81)
	at org.mortbay.component.AbstractLifeCycle.start(AbstractLifeCycle.java:39)
	at org.mortbay.jetty.servlet.ServletHandler.initialize(ServletHandler.java:589)
	at org.mortbay.jetty.servlet.Context.startContext(Context.java:139)
	at org.mortbay.jetty.webapp.WebAppContext.startContext(WebAppContext.java:1220)
	at org.mortbay.jetty.handler.ContextHandler.doStart(ContextHandler.java:510)
	at org.mortbay.jetty.webapp.WebAppContext.doStart(WebAppContext.java:448)
	at org.mortbay.component.AbstractLifeCycle.start(AbstractLifeCycle.java:39)
	at org.mortbay.jetty.handler.HandlerWrapper.doStart(HandlerWrapper.java:130)
	at org.mortbay.jetty.Server.doStart(Server.java:222)
	at org.mortbay.component.AbstractLifeCycle.start(AbstractLifeCycle.java:39)
	at org.geoserver.web.Start.main(Start.java:116)
2013-02-01 09:34:03,371 WARN [mortbay.log] - failed cross-origin
javax.servlet.UnavailableException: org.fao.techcdr.filter.CrossOriginFilter
	at org.mortbay.jetty.servlet.Holder.doStart(Holder.java:79)
	at org.mortbay.jetty.servlet.FilterHolder.doStart(FilterHolder.java:81)
	at org.mortbay.component.AbstractLifeCycle.start(AbstractLifeCycle.java:39)
	at org.mortbay.jetty.servlet.ServletHandler.initialize(ServletHandler.java:589)
	at org.mortbay.jetty.servlet.Context.startContext(Context.java:139)
	at org.mortbay.jetty.webapp.WebAppContext.startContext(WebAppContext.java:1220)
	at org.mortbay.jetty.handler.ContextHandler.doStart(ContextHandler.java:510)
	at org.mortbay.jetty.webapp.WebAppContext.doStart(WebAppContext.java:448)
	at org.mortbay.component.AbstractLifeCycle.start(AbstractLifeCycle.java:39)
	at org.mortbay.jetty.handler.HandlerWrapper.doStart(HandlerWrapper.java:130)
	at org.mortbay.jetty.Server.doStart(Server.java:222)
	at org.mortbay.component.AbstractLifeCycle.start(AbstractLifeCycle.java:39)
	at org.geoserver.web.Start.main(Start.java:116)
2013-02-01 09:34:03,371 WARN [mortbay.log] - Failed startup of context org.mortbay.jetty.webapp.WebAppContext@1f44f8a{/geoserver,src/main/webapp}
javax.servlet.UnavailableException: org.fao.techcdr.filter.CrossOriginFilter
	at org.mortbay.jetty.servlet.Holder.doStart(Holder.java:79)
	at org.mortbay.jetty.servlet.FilterHolder.doStart(FilterHolder.java:81)
	at org.mortbay.component.AbstractLifeCycle.start(AbstractLifeCycle.java:39)
	at org.mortbay.jetty.servlet.ServletHandler.initialize(ServletHandler.java:589)
	at org.mortbay.jetty.servlet.Context.startContext(Context.java:139)
	at org.mortbay.jetty.webapp.WebAppContext.startContext(WebAppContext.java:1220)
	at org.mortbay.jetty.handler.ContextHandler.doStart(ContextHandler.java:510)
	at org.mortbay.jetty.webapp.WebAppContext.doStart(WebAppContext.java:448)
	at org.mortbay.component.AbstractLifeCycle.start(AbstractLifeCycle.java:39)
	at org.mortbay.jetty.handler.HandlerWrapper.doStart(HandlerWrapper.java:130)
	at org.mortbay.jetty.Server.doStart(Server.java:222)
	at org.mortbay.component.AbstractLifeCycle.start(AbstractLifeCycle.java:39)
	at org.geoserver.web.Start.main(Start.java:116)
